{"name": "test_exit", "status": "broken", "statusDetails": {"message": "selenium.common.exceptions.TimeoutException: Message: \nStacktrace:\nNoSuchElementError: An element could not be located on the page using the given search parameters.\n    at AndroidUiautomator2Driver.findElOrEls (C:\\Users\\manju\\.appium\\appium-uiautomator2-driver\\node_modules\\appium-android-driver\\lib\\commands\\find.js:75:11)\n    at runMicrotasks (<anonymous>)\n    at processTicksAndRejections (internal/process/task_queues.js:95:5)\n    at AndroidUiautomator2Driver.findElOrElsWithProcessing (C:\\Users\\manju\\.appium\\appium-uiautomator2-driver\\node_modules\\appium-base-driver\\lib\\basedriver\\commands\\find.js:33:12)\n    at AndroidUiautomator2Driver.findElement (C:\\Users\\manju\\.appium\\appium-uiautomator2-driver\\node_modules\\appium-base-driver\\lib\\basedriver\\commands\\find.js:53:10)", "trace": "driver = <appium.webdriver.webdriver.WebDriver (session=\"2d503082-de85-4fb3-ab3c-c8b087315891\")>\n\n    def test_exit(driver):\n        logger = LogGen().loggen()\n        welcomescreen = WelcomeView(driver)\n    \n        # verify you're in the welcome screen\n        logger.info(\"==================VERIFYING WELCOME SCREEN==========================\")\n>       welcome_title_text = welcomescreen.verify_screen_title()\n\ntest_welcome_screen.py:142: \n_ _ _ _ _ _ _ _ _ _ _ _ _ _ _ _ _ _ _ _ _ _ _ _ _ _ _ _ _ _ _ _ _ _ _ _ _ _ _ _ _ _ _ _ _ _ _ _ _ _ _ _ _ _ _ _ _ _ _ _ _ _ _ _ _ _ _ _ _ _ _ _ _ _ _ _ _ _ _ _ _ _ _ _ _ _ _ _ _ _ _ _ _ \nviews\\welcome_view.py:55: in verify_screen_title\n    wait.until(EC.presence_of_element_located(self.screen_title))\n_ _ _ _ _ _ _ _ _ _ _ _ _ _ _ _ _ _ _ _ _ _ _ _ _ _ _ _ _ _ _ _ _ _ _ _ _ _ _ _ _ _ _ _ _ _ _ _ _ _ _ _ _ _ _ _ _ _ _ _ _ _ _ _ _ _ _ _ _ _ _ _ _ _ _ _ _ _ _ _ _ _ _ _ _ _ _ _ _ _ _ _ _ \n\nself = <selenium.webdriver.support.wait.WebDriverWait (session=\"2d503082-de85-4fb3-ab3c-c8b087315891\")>\nmethod = <function presence_of_element_located.<locals>._predicate at 0x00000284A5338EE0>, message = ''\n\n    def until(self, method, message=''):\n        \"\"\"Calls the method provided with the driver as an argument until the \\\n        return value does not evaluate to ``False``.\n    \n        :param method: callable(WebDriver)\n        :param message: optional message for :exc:`TimeoutException`\n        :returns: the result of the last call to `method`\n        :raises: :exc:`selenium.common.exceptions.TimeoutException` if timeout occurs\n        \"\"\"\n        screen = None\n        stacktrace = None\n    \n        end_time = time.time() + self._timeout\n        while True:\n            try:\n                value = method(self._driver)\n                if value:\n                    return value\n            except InvalidSelectorException as e:\n                raise e\n            except self._ignored_exceptions as exc:\n                screen = getattr(exc, 'screen', None)\n                stacktrace = getattr(exc, 'stacktrace', None)\n            time.sleep(self._poll)\n            if time.time() > end_time:\n                break\n>       raise TimeoutException(message, screen, stacktrace)\nE       selenium.common.exceptions.TimeoutException: Message: \nE       Stacktrace:\nE       NoSuchElementError: An element could not be located on the page using the given search parameters.\nE           at AndroidUiautomator2Driver.findElOrEls (C:\\Users\\manju\\.appium\\appium-uiautomator2-driver\\node_modules\\appium-android-driver\\lib\\commands\\find.js:75:11)\nE           at runMicrotasks (<anonymous>)\nE           at processTicksAndRejections (internal/process/task_queues.js:95:5)\nE           at AndroidUiautomator2Driver.findElOrElsWithProcessing (C:\\Users\\manju\\.appium\\appium-uiautomator2-driver\\node_modules\\appium-base-driver\\lib\\basedriver\\commands\\find.js:33:12)\nE           at AndroidUiautomator2Driver.findElement (C:\\Users\\manju\\.appium\\appium-uiautomator2-driver\\node_modules\\appium-base-driver\\lib\\basedriver\\commands\\find.js:53:10)\n\n..\\..\\..\\AppData\\Local\\Programs\\Python\\Python310\\lib\\site-packages\\selenium\\webdriver\\support\\wait.py:89: TimeoutException"}, "attachments": [{"name": "log", "source": "f00df025-13ee-4dd6-817b-a4ce54652358-attachment.txt", "type": "text/plain"}], "start": 1641959941818, "stop": 1641959961831, "uuid": "f1557e51-abb1-4762-bbde-11ef5cdcdd46", "historyId": "780260885889f41348e85801b8c3d034", "testCaseId": "9c78b094f86c35b61c4982ab271022e0", "fullName": "test_welcome_screen#test_exit", "labels": [{"name": "suite", "value": "test_welcome_screen"}, {"name": "host", "value": "LAPTOP-7E1CJ27U"}, {"name": "thread", "value": "10424-MainThread"}, {"name": "framework", "value": "pytest"}, {"name": "language", "value": "cpython3"}, {"name": "package", "value": "test_welcome_screen"}]}